,number,value,datetime_start,datetime_complete,duration,params_max_depth,params_min_samples_leaf,params_min_samples_split,params_n_estimators,state
355,355,7.7042260714014965,2024-11-03 18:55:30.010582,2024-11-03 18:55:34.910772,0 days 00:00:04.900190,16,1,3,103,COMPLETE
356,356,8.487666681865349,2024-11-03 18:55:30.024298,2024-11-03 18:55:34.722339,0 days 00:00:04.698041,17,1,3,149,COMPLETE
357,357,7.641251994654758,2024-11-03 18:55:30.403732,2024-11-03 18:55:35.603375,0 days 00:00:05.199643,16,1,3,102,COMPLETE
358,358,7.641251994654758,2024-11-03 18:55:30.411671,2024-11-03 18:55:34.500186,0 days 00:00:04.088515,16,1,3,102,COMPLETE
359,359,7.843556694349766,2024-11-03 18:55:30.524162,2024-11-03 18:55:36.430196,0 days 00:00:05.906034,16,1,3,107,COMPLETE
360,360,7.641251994654758,2024-11-03 18:55:31.009253,2024-11-03 18:55:35.725495,0 days 00:00:04.716242,16,1,3,102,COMPLETE
361,361,7.641251994654758,2024-11-03 18:55:31.022015,2024-11-03 18:55:35.909143,0 days 00:00:04.887128,16,1,3,102,COMPLETE
362,362,7.843556694349766,2024-11-03 18:55:31.119284,2024-11-03 18:55:36.612204,0 days 00:00:05.492920,16,1,3,107,COMPLETE
363,363,7.843556694349766,2024-11-03 18:55:31.596552,2024-11-03 18:55:34.715496,0 days 00:00:03.118944,16,1,3,107,COMPLETE
364,364,7.53430327520504,2024-11-03 18:55:31.630663,2024-11-03 18:55:37.307898,0 days 00:00:05.677235,16,1,3,100,COMPLETE
365,365,8.528788770535726,2024-11-03 18:55:31.800526,2024-11-03 18:55:37.434206,0 days 00:00:05.633680,16,1,3,189,COMPLETE
366,366,8.478733546075816,2024-11-03 18:55:31.814453,2024-11-03 18:55:35.217835,0 days 00:00:03.403382,16,1,3,194,COMPLETE
367,367,7.843556694349766,2024-11-03 18:55:32.407096,2024-11-03 18:55:36.909305,0 days 00:00:04.502209,16,1,3,107,COMPLETE
368,368,7.532104585496377,2024-11-03 18:55:32.428209,2024-11-03 18:55:37.736212,0 days 00:00:05.308003,17,1,3,100,COMPLETE
369,369,7.843556694349766,2024-11-03 18:55:33.204262,2024-11-03 18:55:38.203589,0 days 00:00:04.999327,16,1,3,107,COMPLETE
370,370,7.850786182427792,2024-11-03 18:55:33.323083,2024-11-03 18:55:37.224027,0 days 00:00:03.900944,17,1,3,107,COMPLETE
371,371,7.843556694349766,2024-11-03 18:55:33.519480,2024-11-03 18:55:37.330914,0 days 00:00:03.811434,16,1,3,107,COMPLETE
372,372,8.267217838368916,2024-11-03 18:55:33.599921,2024-11-03 18:55:38.733076,0 days 00:00:05.133155,16,1,3,141,COMPLETE
373,373,7.843556694349766,2024-11-03 18:55:33.917039,2024-11-03 18:55:37.305215,0 days 00:00:03.388176,16,1,3,107,COMPLETE
374,374,7.843556694349766,2024-11-03 18:55:34.202231,2024-11-03 18:55:37.331606,0 days 00:00:03.129375,16,1,3,107,COMPLETE
375,375,7.843556694349766,2024-11-03 18:55:34.327532,2024-11-03 18:55:37.430546,0 days 00:00:03.103014,16,1,3,107,COMPLETE
376,376,7.532104585496377,2024-11-03 18:55:34.618262,2024-11-03 18:55:37.414361,0 days 00:00:02.796099,17,1,3,100,COMPLETE
377,377,7.532104585496377,2024-11-03 18:55:34.923799,2024-11-03 18:55:37.421354,0 days 00:00:02.497555,17,1,3,100,COMPLETE
378,378,7.532104585496377,2024-11-03 18:55:35.020403,2024-11-03 18:55:37.313952,0 days 00:00:02.293549,17,1,3,100,COMPLETE
379,379,7.532104585496377,2024-11-03 18:55:35.517112,2024-11-03 18:55:38.796233,0 days 00:00:03.279121,17,1,3,100,COMPLETE
380,380,7.532104585496377,2024-11-03 18:55:36.715736,2024-11-03 18:55:38.962039,0 days 00:00:02.246303,17,1,3,100,COMPLETE
381,381,7.532104585496377,2024-11-03 18:55:36.825381,2024-11-03 18:55:39.065034,0 days 00:00:02.239653,17,1,3,100,COMPLETE
382,382,7.532104585496377,2024-11-03 18:55:37.008487,2024-11-03 18:55:39.077428,0 days 00:00:02.068941,17,1,3,100,COMPLETE
383,383,7.532104585496377,2024-11-03 18:55:37.512470,2024-11-03 18:55:39.160405,0 days 00:00:01.647935,17,1,3,100,COMPLETE
384,384,7.532104585496377,2024-11-03 18:55:37.837728,2024-11-03 18:55:39.362948,0 days 00:00:01.525220,17,1,3,100,COMPLETE
385,385,7.532104585496377,2024-11-03 18:55:38.332560,2024-11-03 18:55:39.512814,0 days 00:00:01.180254,17,1,3,100,COMPLETE
386,386,7.532104585496377,2024-11-03 18:55:38.767626,2024-11-03 18:55:39.866522,0 days 00:00:01.098896,17,1,3,100,COMPLETE
387,387,7.532104585496377,2024-11-03 18:55:38.840194,2024-11-03 18:55:39.944359,0 days 00:00:01.104165,17,1,3,100,COMPLETE
388,388,7.532104585496377,2024-11-03 18:55:39.019805,2024-11-03 18:55:40.190793,0 days 00:00:01.170988,17,1,3,100,COMPLETE
389,389,7.532104585496377,2024-11-03 18:55:39.099448,2024-11-03 18:55:40.300368,0 days 00:00:01.200920,17,1,3,100,COMPLETE
390,390,8.601286682799572,2024-11-03 18:55:39.110829,2024-11-03 18:55:40.928634,0 days 00:00:01.817805,17,1,3,168,COMPLETE
391,391,7.532104585496377,2024-11-03 18:55:39.198154,2024-11-03 18:55:40.368346,0 days 00:00:01.170192,17,1,3,100,COMPLETE
392,392,7.532104585496377,2024-11-03 18:55:39.406191,2024-11-03 18:55:40.502847,0 days 00:00:01.096656,17,1,3,100,COMPLETE
393,393,7.532104585496377,2024-11-03 18:55:39.556875,2024-11-03 18:55:40.729166,0 days 00:00:01.172291,17,1,3,100,COMPLETE
394,394,7.532104585496377,2024-11-03 18:55:39.930885,2024-11-03 18:55:41.012625,0 days 00:00:01.081740,17,1,3,100,COMPLETE
395,395,7.532104585496377,2024-11-03 18:55:40.018621,2024-11-03 18:55:41.064231,0 days 00:00:01.045610,17,1,3,100,COMPLETE
396,396,7.628422822280167,2024-11-03 18:55:40.238305,2024-11-03 18:55:41.125696,0 days 00:00:00.887391,17,1,3,102,COMPLETE
397,397,7.628422822280167,2024-11-03 18:55:40.341854,2024-11-03 18:55:41.159879,0 days 00:00:00.818025,17,1,3,102,COMPLETE
398,398,7.628422822280167,2024-11-03 18:55:40.410389,2024-11-03 18:55:41.185573,0 days 00:00:00.775184,17,1,3,102,COMPLETE
399,399,7.9027639266503344,2024-11-03 18:55:40.537561,2024-11-03 18:55:41.208522,0 days 00:00:00.670961,10,1,3,102,COMPLETE
